[Matrix Multiply Using CUDA] - Starting...
GPU Device 0: "Tesla K80" with compute capability 3.7

MatrixA(12800,12800), MatrixB(640,12800)
Computing result using CUDA Kernel...
done
Performance= 372.86 GFlop/s, Time= 562.456 msec, Size= 209715200000 Ops, WorkgroupSize= 1024 threads/block
Checking computed result for correctness: Result = PASS

NOTE: The CUDA Samples are not meant for performance measurements. Results may vary when GPU Boost is enabled.
[Matrix Multiply Using CUDA] - Starting...
GPU Device 0: "Tesla K80" with compute capability 3.7

MatrixA(12800,12800), MatrixB(640,12800)
Computing result using CUDA Kernel...
done
Performance= 372.71 GFlop/s, Time= 562.677 msec, Size= 209715200000 Ops, WorkgroupSize= 1024 threads/block
Checking computed result for correctness: Result = PASS

NOTE: The CUDA Samples are not meant for performance measurements. Results may vary when GPU Boost is enabled.
[Matrix Multiply Using CUDA] - Starting...
GPU Device 0: "Tesla K80" with compute capability 3.7

MatrixA(12800,12800), MatrixB(640,12800)
Computing result using CUDA Kernel...
done
Performance= 377.00 GFlop/s, Time= 556.267 msec, Size= 209715200000 Ops, WorkgroupSize= 1024 threads/block
Checking computed result for correctness: Result = PASS

NOTE: The CUDA Samples are not meant for performance measurements. Results may vary when GPU Boost is enabled.
