[Matrix Multiply Using CUDA] - Starting...
GPU Device 0: "Tesla K80" with compute capability 3.7

MatrixA(320,320), MatrixB(640,320)
Computing result using CUDA Kernel...
done
Performance= 352.83 GFlop/s, Time= 0.371 msec, Size= 131072000 Ops, WorkgroupSize= 1024 threads/block
Checking computed result for correctness: Result = PASS

NOTE: The CUDA Samples are not meant for performance measurements. Results may vary when GPU Boost is enabled.
[Matrix Multiply Using CUDA] - Starting...
GPU Device 0: "Tesla K80" with compute capability 3.7

MatrixA(320,320), MatrixB(640,320)
Computing result using CUDA Kernel...
done
Performance= 281.02 GFlop/s, Time= 0.466 msec, Size= 131072000 Ops, WorkgroupSize= 1024 threads/block
Checking computed result for correctness: Result = PASS

NOTE: The CUDA Samples are not meant for performance measurements. Results may vary when GPU Boost is enabled.
[Matrix Multiply Using CUDA] - Starting...
GPU Device 0: "Tesla K80" with compute capability 3.7

MatrixA(320,320), MatrixB(640,320)
Computing result using CUDA Kernel...
done
Performance= 318.91 GFlop/s, Time= 0.411 msec, Size= 131072000 Ops, WorkgroupSize= 1024 threads/block
Checking computed result for correctness: Result = PASS

NOTE: The CUDA Samples are not meant for performance measurements. Results may vary when GPU Boost is enabled.
