[Matrix Multiply Using CUDA] - Starting...
GPU Device 0: "Tesla K80" with compute capability 3.7

MatrixA(320,320), MatrixB(640,320)
Computing result using CUDA Kernel...
done
Performance= 352.67 GFlop/s, Time= 0.372 msec, Size= 131072000 Ops, WorkgroupSize= 1024 threads/block
Checking computed result for correctness: Result = PASS

NOTE: The CUDA Samples are not meant for performance measurements. Results may vary when GPU Boost is enabled.
[Matrix Multiply Using CUDA] - Starting...
GPU Device 0: "Tesla K80" with compute capability 3.7

MatrixA(320,320), MatrixB(640,320)
Computing result using CUDA Kernel...
done
Performance= 316.77 GFlop/s, Time= 0.414 msec, Size= 131072000 Ops, WorkgroupSize= 1024 threads/block
Checking computed result for correctness: Result = PASS

NOTE: The CUDA Samples are not meant for performance measurements. Results may vary when GPU Boost is enabled.
[Matrix Multiply Using CUDA] - Starting...
GPU Device 0: "Tesla K80" with compute capability 3.7

MatrixA(320,320), MatrixB(640,320)
Computing result using CUDA Kernel...
done
Performance= 259.70 GFlop/s, Time= 0.505 msec, Size= 131072000 Ops, WorkgroupSize= 1024 threads/block
Checking computed result for correctness: Result = PASS

NOTE: The CUDA Samples are not meant for performance measurements. Results may vary when GPU Boost is enabled.
