[Matrix Multiply Using CUDA] - Starting...
GPU Device 0: "Tesla P40" with compute capability 6.1

MatrixA(320,320), MatrixB(640,320)
Computing result using CUDA Kernel...
done
Performance= 1297.30 GFlop/s, Time= 0.101 msec, Size= 131072000 Ops, WorkgroupSize= 1024 threads/block
Checking computed result for correctness: Result = PASS

NOTE: The CUDA Samples are not meant for performance measurements. Results may vary when GPU Boost is enabled.
[Matrix Multiply Using CUDA] - Starting...
GPU Device 0: "Tesla P40" with compute capability 6.1

MatrixA(320,320), MatrixB(640,320)
Computing result using CUDA Kernel...
done
Performance= 1297.60 GFlop/s, Time= 0.101 msec, Size= 131072000 Ops, WorkgroupSize= 1024 threads/block
Checking computed result for correctness: Result = PASS

NOTE: The CUDA Samples are not meant for performance measurements. Results may vary when GPU Boost is enabled.
[Matrix Multiply Using CUDA] - Starting...
GPU Device 0: "Tesla P40" with compute capability 6.1

MatrixA(320,320), MatrixB(640,320)
Computing result using CUDA Kernel...
done
Performance= 1297.65 GFlop/s, Time= 0.101 msec, Size= 131072000 Ops, WorkgroupSize= 1024 threads/block
Checking computed result for correctness: Result = PASS

NOTE: The CUDA Samples are not meant for performance measurements. Results may vary when GPU Boost is enabled.
