[Matrix Multiply Using CUDA] - Starting...
GPU Device 0: "Tesla P100-PCIE-16GB" with compute capability 6.0

MatrixA(12800,12800), MatrixB(640,12800)
Computing result using CUDA Kernel...
done
Performance= 2334.05 GFlop/s, Time= 89.850 msec, Size= 209715200000 Ops, WorkgroupSize= 1024 threads/block
Checking computed result for correctness: Result = PASS

NOTE: The CUDA Samples are not meant for performance measurements. Results may vary when GPU Boost is enabled.
[Matrix Multiply Using CUDA] - Starting...
GPU Device 0: "Tesla P100-PCIE-16GB" with compute capability 6.0

MatrixA(12800,12800), MatrixB(640,12800)
Computing result using CUDA Kernel...
done
Performance= 2329.27 GFlop/s, Time= 90.035 msec, Size= 209715200000 Ops, WorkgroupSize= 1024 threads/block
Checking computed result for correctness: Result = PASS

NOTE: The CUDA Samples are not meant for performance measurements. Results may vary when GPU Boost is enabled.
[Matrix Multiply Using CUDA] - Starting...
GPU Device 0: "Tesla P100-PCIE-16GB" with compute capability 6.0

MatrixA(12800,12800), MatrixB(640,12800)
Computing result using CUDA Kernel...
done
Performance= 2334.73 GFlop/s, Time= 89.824 msec, Size= 209715200000 Ops, WorkgroupSize= 1024 threads/block
Checking computed result for correctness: Result = PASS

NOTE: The CUDA Samples are not meant for performance measurements. Results may vary when GPU Boost is enabled.
