[Matrix Multiply Using CUDA] - Starting...
GPU Device 0: "TITAN X (Pascal)" with compute capability 6.1

MatrixA(12800,12800), MatrixB(640,12800)
Computing result using CUDA Kernel...
done
Performance= 1771.18 GFlop/s, Time= 118.404 msec, Size= 209715200000 Ops, WorkgroupSize= 1024 threads/block
Checking computed result for correctness: Result = PASS

NOTE: The CUDA Samples are not meant for performance measurements. Results may vary when GPU Boost is enabled.
[Matrix Multiply Using CUDA] - Starting...
GPU Device 0: "TITAN X (Pascal)" with compute capability 6.1

MatrixA(12800,12800), MatrixB(640,12800)
Computing result using CUDA Kernel...
done
Performance= 1715.31 GFlop/s, Time= 122.261 msec, Size= 209715200000 Ops, WorkgroupSize= 1024 threads/block
Checking computed result for correctness: Result = PASS

NOTE: The CUDA Samples are not meant for performance measurements. Results may vary when GPU Boost is enabled.
[Matrix Multiply Using CUDA] - Starting...
GPU Device 0: "TITAN X (Pascal)" with compute capability 6.1

MatrixA(12800,12800), MatrixB(640,12800)
Computing result using CUDA Kernel...
done
Performance= 1677.08 GFlop/s, Time= 125.048 msec, Size= 209715200000 Ops, WorkgroupSize= 1024 threads/block
Checking computed result for correctness: Result = PASS

NOTE: The CUDA Samples are not meant for performance measurements. Results may vary when GPU Boost is enabled.
