[Matrix Multiply Using CUDA] - Starting...
GPU Device 0: "TITAN X (Pascal)" with compute capability 6.1

MatrixA(320,320), MatrixB(640,320)
Computing result using CUDA Kernel...
done
Performance= 1245.58 GFlop/s, Time= 0.105 msec, Size= 131072000 Ops, WorkgroupSize= 1024 threads/block
Checking computed result for correctness: Result = PASS

NOTE: The CUDA Samples are not meant for performance measurements. Results may vary when GPU Boost is enabled.
[Matrix Multiply Using CUDA] - Starting...
GPU Device 0: "TITAN X (Pascal)" with compute capability 6.1

MatrixA(320,320), MatrixB(640,320)
Computing result using CUDA Kernel...
done
Performance= 1566.99 GFlop/s, Time= 0.084 msec, Size= 131072000 Ops, WorkgroupSize= 1024 threads/block
Checking computed result for correctness: Result = PASS

NOTE: The CUDA Samples are not meant for performance measurements. Results may vary when GPU Boost is enabled.
[Matrix Multiply Using CUDA] - Starting...
GPU Device 0: "TITAN X (Pascal)" with compute capability 6.1

MatrixA(320,320), MatrixB(640,320)
Computing result using CUDA Kernel...
done
Performance= 1536.00 GFlop/s, Time= 0.085 msec, Size= 131072000 Ops, WorkgroupSize= 1024 threads/block
Checking computed result for correctness: Result = PASS

NOTE: The CUDA Samples are not meant for performance measurements. Results may vary when GPU Boost is enabled.
